<?xml version="1.0" encoding="UTF-8"?>
<testsuite xmlns:xsi="http://www.w3.org/2001/XMLSchema-instance" xsi:noNamespaceSchemaLocation="https://maven.apache.org/surefire/maven-surefire-plugin/xsd/surefire-test-report.xsd" name="org.jboss.as.quickstarts.kitchensink.spring.springmvctest.test.MemberMockMVCTest" time="0.626" tests="2" errors="0" skipped="0" failures="0">
  <properties>
    <property name="awt.toolkit" value="sun.awt.X11.XToolkit"/>
    <property name="java.specification.version" value="11"/>
    <property name="sun.cpu.isalist" value=""/>
    <property name="sun.jnu.encoding" value="UTF-8"/>
    <property name="java.class.path" value="/home/vbalasub/DEV/jboss-eap-7.4.0.GA-quickstarts/spring-kitchensink-springmvctest/target/test-classes:/home/vbalasub/DEV/jboss-eap-7.4.0.GA-quickstarts/spring-kitchensink-springmvctest/target/classes:/home/vbalasub/.m2/repository/com/fasterxml/jackson/core/jackson-core/2.12.1.redhat-00001/jackson-core-2.12.1.redhat-00001.jar:/home/vbalasub/.m2/repository/com/fasterxml/jackson/core/jackson-databind/2.12.1.redhat-00001/jackson-databind-2.12.1.redhat-00001.jar:/home/vbalasub/.m2/repository/com/fasterxml/jackson/core/jackson-annotations/2.12.1.redhat-00001/jackson-annotations-2.12.1.redhat-00001.jar:/home/vbalasub/.m2/repository/com/h2database/h2/1.4.197.redhat-00001/h2-1.4.197.redhat-00001.jar:/home/vbalasub/.m2/repository/com/jayway/jsonpath/json-path/2.0.0/json-path-2.0.0.jar:/home/vbalasub/.m2/repository/org/slf4j/slf4j-api/1.7.22.redhat-2/slf4j-api-1.7.22.redhat-2.jar:/home/vbalasub/.m2/repository/net/minidev/json-smart/2.1.1/json-smart-2.1.1.jar:/home/vbalasub/.m2/repository/net/minidev/asm/1.0.2/asm-1.0.2.jar:/home/vbalasub/.m2/repository/asm/asm/3.3.1/asm-3.3.1.jar:/home/vbalasub/.m2/repository/junit/junit/4.13.1/junit-4.13.1.jar:/home/vbalasub/.m2/repository/org/hamcrest/hamcrest-core/1.3/hamcrest-core-1.3.jar:/home/vbalasub/.m2/repository/org/apache/taglibs/taglibs-standard-impl/1.2.6.RC1-redhat-1/taglibs-standard-impl-1.2.6.RC1-redhat-1.jar:/home/vbalasub/.m2/repository/org/apache/taglibs/taglibs-standard-spec/1.2.6.RC1-redhat-1/taglibs-standard-spec-1.2.6.RC1-redhat-1.jar:/home/vbalasub/.m2/repository/org/hibernate/hibernate-entitymanager/5.3.20.Final-redhat-00001/hibernate-entitymanager-5.3.20.Final-redhat-00001.jar:/home/vbalasub/.m2/repository/org/jboss/logging/jboss-logging/3.4.1.Final-redhat-00001/jboss-logging-3.4.1.Final-redhat-00001.jar:/home/vbalasub/.m2/repository/org/hibernate/hibernate-core/5.3.20.Final-redhat-00001/hibernate-core-5.3.20.Final-redhat-00001.jar:/home/vbalasub/.m2/repository/org/javassist/javassist/3.23.2.GA-redhat-00001/javassist-3.23.2.GA-redhat-00001.jar:/home/vbalasub/.m2/repository/antlr/antlr/2.7.7.redhat-7/antlr-2.7.7.redhat-7.jar:/home/vbalasub/.m2/repository/org/jboss/jandex/2.2.3.Final-redhat-00001/jandex-2.2.3.Final-redhat-00001.jar:/home/vbalasub/.m2/repository/javax/xml/bind/jaxb-api/2.4.0-b180830.0359/jaxb-api-2.4.0-b180830.0359.jar:/home/vbalasub/.m2/repository/org/glassfish/jaxb/jaxb-runtime/2.3.3.b02-redhat-00001/jaxb-runtime-2.3.3.b02-redhat-00001.jar:/home/vbalasub/.m2/repository/jakarta/xml/bind/jakarta.xml.bind-api/2.3.2/jakarta.xml.bind-api-2.3.2.jar:/home/vbalasub/.m2/repository/org/glassfish/jaxb/txw2/2.3.3.b02-redhat-00001/txw2-2.3.3.b02-redhat-00001.jar:/home/vbalasub/.m2/repository/com/sun/istack/istack-commons-runtime/3.0.10.redhat-00001/istack-commons-runtime-3.0.10.redhat-00001.jar:/home/vbalasub/.m2/repository/com/sun/activation/jakarta.activation/1.2.2.redhat-00001/jakarta.activation-1.2.2.redhat-00001.jar:/home/vbalasub/.m2/repository/org/dom4j/dom4j/2.1.3.redhat-00001/dom4j-2.1.3.redhat-00001.jar:/home/vbalasub/.m2/repository/org/hibernate/common/hibernate-commons-annotations/5.0.5.Final-redhat-00002/hibernate-commons-annotations-5.0.5.Final-redhat-00002.jar:/home/vbalasub/.m2/repository/net/bytebuddy/byte-buddy/1.9.11.redhat-00003/byte-buddy-1.9.11.redhat-00003.jar:/home/vbalasub/.m2/repository/org/hibernate/validator/hibernate-validator/6.0.22.Final-redhat-00002/hibernate-validator-6.0.22.Final-redhat-00002.jar:/home/vbalasub/.m2/repository/com/fasterxml/classmate/1.5.1.redhat-00001/classmate-1.5.1.redhat-00001.jar:/home/vbalasub/.m2/repository/jakarta/validation/jakarta.validation-api/2.0.2.redhat-00001/jakarta.validation-api-2.0.2.redhat-00001.jar:/home/vbalasub/.m2/repository/org/hibernate/validator/hibernate-validator-annotation-processor/6.0.22.Final-redhat-00002/hibernate-validator-annotation-processor-6.0.22.Final-redhat-00002.jar:/home/vbalasub/.m2/repository/jakarta/persistence/jakarta.persistence-api/2.2.3.redhat-00001/jakarta.persistence-api-2.2.3.redhat-00001.jar:/home/vbalasub/.m2/repository/org/jboss/spec/javax/servlet/jboss-servlet-api_4.0_spec/2.0.0.Final-redhat-00001/jboss-servlet-api_4.0_spec-2.0.0.Final-redhat-00001.jar:/home/vbalasub/.m2/repository/org/jboss/spec/javax/servlet/jsp/jboss-jsp-api_2.3_spec/2.0.0.Final-redhat-00001/jboss-jsp-api_2.3_spec-2.0.0.Final-redhat-00001.jar:/home/vbalasub/.m2/repository/org/jboss/spec/javax/transaction/jboss-transaction-api_1.3_spec/2.0.0.Final-redhat-00005/jboss-transaction-api_1.3_spec-2.0.0.Final-redhat-00005.jar:/home/vbalasub/.m2/repository/org/jboss/spec/javax/xml/bind/jboss-jaxb-api_2.3_spec/2.0.1.Final-redhat-00001/jboss-jaxb-api_2.3_spec-2.0.1.Final-redhat-00001.jar:/home/vbalasub/.m2/repository/org/springframework/spring-aop/5.2.4.RELEASE/spring-aop-5.2.4.RELEASE.jar:/home/vbalasub/.m2/repository/org/springframework/spring-beans/5.2.4.RELEASE/spring-beans-5.2.4.RELEASE.jar:/home/vbalasub/.m2/repository/org/springframework/spring-context/5.2.4.RELEASE/spring-context-5.2.4.RELEASE.jar:/home/vbalasub/.m2/repository/org/springframework/spring-context-support/5.2.4.RELEASE/spring-context-support-5.2.4.RELEASE.jar:/home/vbalasub/.m2/repository/org/springframework/spring-core/5.2.4.RELEASE/spring-core-5.2.4.RELEASE.jar:/home/vbalasub/.m2/repository/org/springframework/spring-jcl/5.2.4.RELEASE/spring-jcl-5.2.4.RELEASE.jar:/home/vbalasub/.m2/repository/org/springframework/spring-expression/5.2.4.RELEASE/spring-expression-5.2.4.RELEASE.jar:/home/vbalasub/.m2/repository/org/springframework/spring-jdbc/5.2.4.RELEASE/spring-jdbc-5.2.4.RELEASE.jar:/home/vbalasub/.m2/repository/org/springframework/spring-orm/5.2.4.RELEASE/spring-orm-5.2.4.RELEASE.jar:/home/vbalasub/.m2/repository/org/springframework/spring-test/5.2.4.RELEASE/spring-test-5.2.4.RELEASE.jar:/home/vbalasub/.m2/repository/org/springframework/spring-tx/5.2.4.RELEASE/spring-tx-5.2.4.RELEASE.jar:/home/vbalasub/.m2/repository/org/springframework/spring-web/5.2.4.RELEASE/spring-web-5.2.4.RELEASE.jar:/home/vbalasub/.m2/repository/org/springframework/spring-webmvc/5.2.4.RELEASE/spring-webmvc-5.2.4.RELEASE.jar:"/>
    <property name="java.vm.vendor" value="Red Hat, Inc."/>
    <property name="sun.arch.data.model" value="64"/>
    <property name="java.vendor.url" value="https://www.redhat.com/"/>
    <property name="user.timezone" value=""/>
    <property name="java.vm.specification.version" value="11"/>
    <property name="os.name" value="Linux"/>
    <property name="sun.java.launcher" value="SUN_STANDARD"/>
    <property name="user.country" value="US"/>
    <property name="sun.boot.library.path" value="/usr/lib/jvm/java-11-openjdk-11.0.8.10-2.fc32.x86_64/lib"/>
    <property name="sun.java.command" value="/home/vbalasub/DEV/jboss-eap-7.4.0.GA-quickstarts/spring-kitchensink-springmvctest/target/surefire/surefirebooter4441780792366323187.jar /home/vbalasub/DEV/jboss-eap-7.4.0.GA-quickstarts/spring-kitchensink-springmvctest/target/surefire 2022-07-01T15-34-26_349-jvmRun1 surefire3355330342834326072tmp surefire_36711203233797547736tmp"/>
    <property name="jdk.debug" value="release"/>
    <property name="surefire.test.class.path" value="/home/vbalasub/DEV/jboss-eap-7.4.0.GA-quickstarts/spring-kitchensink-springmvctest/target/test-classes:/home/vbalasub/DEV/jboss-eap-7.4.0.GA-quickstarts/spring-kitchensink-springmvctest/target/classes:/home/vbalasub/.m2/repository/com/fasterxml/jackson/core/jackson-core/2.12.1.redhat-00001/jackson-core-2.12.1.redhat-00001.jar:/home/vbalasub/.m2/repository/com/fasterxml/jackson/core/jackson-databind/2.12.1.redhat-00001/jackson-databind-2.12.1.redhat-00001.jar:/home/vbalasub/.m2/repository/com/fasterxml/jackson/core/jackson-annotations/2.12.1.redhat-00001/jackson-annotations-2.12.1.redhat-00001.jar:/home/vbalasub/.m2/repository/com/h2database/h2/1.4.197.redhat-00001/h2-1.4.197.redhat-00001.jar:/home/vbalasub/.m2/repository/com/jayway/jsonpath/json-path/2.0.0/json-path-2.0.0.jar:/home/vbalasub/.m2/repository/org/slf4j/slf4j-api/1.7.22.redhat-2/slf4j-api-1.7.22.redhat-2.jar:/home/vbalasub/.m2/repository/net/minidev/json-smart/2.1.1/json-smart-2.1.1.jar:/home/vbalasub/.m2/repository/net/minidev/asm/1.0.2/asm-1.0.2.jar:/home/vbalasub/.m2/repository/asm/asm/3.3.1/asm-3.3.1.jar:/home/vbalasub/.m2/repository/junit/junit/4.13.1/junit-4.13.1.jar:/home/vbalasub/.m2/repository/org/hamcrest/hamcrest-core/1.3/hamcrest-core-1.3.jar:/home/vbalasub/.m2/repository/org/apache/taglibs/taglibs-standard-impl/1.2.6.RC1-redhat-1/taglibs-standard-impl-1.2.6.RC1-redhat-1.jar:/home/vbalasub/.m2/repository/org/apache/taglibs/taglibs-standard-spec/1.2.6.RC1-redhat-1/taglibs-standard-spec-1.2.6.RC1-redhat-1.jar:/home/vbalasub/.m2/repository/org/hibernate/hibernate-entitymanager/5.3.20.Final-redhat-00001/hibernate-entitymanager-5.3.20.Final-redhat-00001.jar:/home/vbalasub/.m2/repository/org/jboss/logging/jboss-logging/3.4.1.Final-redhat-00001/jboss-logging-3.4.1.Final-redhat-00001.jar:/home/vbalasub/.m2/repository/org/hibernate/hibernate-core/5.3.20.Final-redhat-00001/hibernate-core-5.3.20.Final-redhat-00001.jar:/home/vbalasub/.m2/repository/org/javassist/javassist/3.23.2.GA-redhat-00001/javassist-3.23.2.GA-redhat-00001.jar:/home/vbalasub/.m2/repository/antlr/antlr/2.7.7.redhat-7/antlr-2.7.7.redhat-7.jar:/home/vbalasub/.m2/repository/org/jboss/jandex/2.2.3.Final-redhat-00001/jandex-2.2.3.Final-redhat-00001.jar:/home/vbalasub/.m2/repository/javax/xml/bind/jaxb-api/2.4.0-b180830.0359/jaxb-api-2.4.0-b180830.0359.jar:/home/vbalasub/.m2/repository/org/glassfish/jaxb/jaxb-runtime/2.3.3.b02-redhat-00001/jaxb-runtime-2.3.3.b02-redhat-00001.jar:/home/vbalasub/.m2/repository/jakarta/xml/bind/jakarta.xml.bind-api/2.3.2/jakarta.xml.bind-api-2.3.2.jar:/home/vbalasub/.m2/repository/org/glassfish/jaxb/txw2/2.3.3.b02-redhat-00001/txw2-2.3.3.b02-redhat-00001.jar:/home/vbalasub/.m2/repository/com/sun/istack/istack-commons-runtime/3.0.10.redhat-00001/istack-commons-runtime-3.0.10.redhat-00001.jar:/home/vbalasub/.m2/repository/com/sun/activation/jakarta.activation/1.2.2.redhat-00001/jakarta.activation-1.2.2.redhat-00001.jar:/home/vbalasub/.m2/repository/org/dom4j/dom4j/2.1.3.redhat-00001/dom4j-2.1.3.redhat-00001.jar:/home/vbalasub/.m2/repository/org/hibernate/common/hibernate-commons-annotations/5.0.5.Final-redhat-00002/hibernate-commons-annotations-5.0.5.Final-redhat-00002.jar:/home/vbalasub/.m2/repository/net/bytebuddy/byte-buddy/1.9.11.redhat-00003/byte-buddy-1.9.11.redhat-00003.jar:/home/vbalasub/.m2/repository/org/hibernate/validator/hibernate-validator/6.0.22.Final-redhat-00002/hibernate-validator-6.0.22.Final-redhat-00002.jar:/home/vbalasub/.m2/repository/com/fasterxml/classmate/1.5.1.redhat-00001/classmate-1.5.1.redhat-00001.jar:/home/vbalasub/.m2/repository/jakarta/validation/jakarta.validation-api/2.0.2.redhat-00001/jakarta.validation-api-2.0.2.redhat-00001.jar:/home/vbalasub/.m2/repository/org/hibernate/validator/hibernate-validator-annotation-processor/6.0.22.Final-redhat-00002/hibernate-validator-annotation-processor-6.0.22.Final-redhat-00002.jar:/home/vbalasub/.m2/repository/jakarta/persistence/jakarta.persistence-api/2.2.3.redhat-00001/jakarta.persistence-api-2.2.3.redhat-00001.jar:/home/vbalasub/.m2/repository/org/jboss/spec/javax/servlet/jboss-servlet-api_4.0_spec/2.0.0.Final-redhat-00001/jboss-servlet-api_4.0_spec-2.0.0.Final-redhat-00001.jar:/home/vbalasub/.m2/repository/org/jboss/spec/javax/servlet/jsp/jboss-jsp-api_2.3_spec/2.0.0.Final-redhat-00001/jboss-jsp-api_2.3_spec-2.0.0.Final-redhat-00001.jar:/home/vbalasub/.m2/repository/org/jboss/spec/javax/transaction/jboss-transaction-api_1.3_spec/2.0.0.Final-redhat-00005/jboss-transaction-api_1.3_spec-2.0.0.Final-redhat-00005.jar:/home/vbalasub/.m2/repository/org/jboss/spec/javax/xml/bind/jboss-jaxb-api_2.3_spec/2.0.1.Final-redhat-00001/jboss-jaxb-api_2.3_spec-2.0.1.Final-redhat-00001.jar:/home/vbalasub/.m2/repository/org/springframework/spring-aop/5.2.4.RELEASE/spring-aop-5.2.4.RELEASE.jar:/home/vbalasub/.m2/repository/org/springframework/spring-beans/5.2.4.RELEASE/spring-beans-5.2.4.RELEASE.jar:/home/vbalasub/.m2/repository/org/springframework/spring-context/5.2.4.RELEASE/spring-context-5.2.4.RELEASE.jar:/home/vbalasub/.m2/repository/org/springframework/spring-context-support/5.2.4.RELEASE/spring-context-support-5.2.4.RELEASE.jar:/home/vbalasub/.m2/repository/org/springframework/spring-core/5.2.4.RELEASE/spring-core-5.2.4.RELEASE.jar:/home/vbalasub/.m2/repository/org/springframework/spring-jcl/5.2.4.RELEASE/spring-jcl-5.2.4.RELEASE.jar:/home/vbalasub/.m2/repository/org/springframework/spring-expression/5.2.4.RELEASE/spring-expression-5.2.4.RELEASE.jar:/home/vbalasub/.m2/repository/org/springframework/spring-jdbc/5.2.4.RELEASE/spring-jdbc-5.2.4.RELEASE.jar:/home/vbalasub/.m2/repository/org/springframework/spring-orm/5.2.4.RELEASE/spring-orm-5.2.4.RELEASE.jar:/home/vbalasub/.m2/repository/org/springframework/spring-test/5.2.4.RELEASE/spring-test-5.2.4.RELEASE.jar:/home/vbalasub/.m2/repository/org/springframework/spring-tx/5.2.4.RELEASE/spring-tx-5.2.4.RELEASE.jar:/home/vbalasub/.m2/repository/org/springframework/spring-web/5.2.4.RELEASE/spring-web-5.2.4.RELEASE.jar:/home/vbalasub/.m2/repository/org/springframework/spring-webmvc/5.2.4.RELEASE/spring-webmvc-5.2.4.RELEASE.jar:"/>
    <property name="sun.cpu.endian" value="little"/>
    <property name="user.home" value="/home/vbalasub"/>
    <property name="user.language" value="en"/>
    <property name="java.specification.vendor" value="Oracle Corporation"/>
    <property name="java.version.date" value="2020-07-14"/>
    <property name="java.home" value="/usr/lib/jvm/java-11-openjdk-11.0.8.10-2.fc32.x86_64"/>
    <property name="file.separator" value="/"/>
    <property name="basedir" value="/home/vbalasub/DEV/jboss-eap-7.4.0.GA-quickstarts/spring-kitchensink-springmvctest"/>
    <property name="java.vm.compressedOopsMode" value="Zero based"/>
    <property name="line.separator" value="&#10;"/>
    <property name="java.specification.name" value="Java Platform API Specification"/>
    <property name="java.vm.specification.vendor" value="Oracle Corporation"/>
    <property name="java.awt.graphicsenv" value="sun.awt.X11GraphicsEnvironment"/>
    <property name="surefire.real.class.path" value="/home/vbalasub/DEV/jboss-eap-7.4.0.GA-quickstarts/spring-kitchensink-springmvctest/target/surefire/surefirebooter4441780792366323187.jar"/>
    <property name="sun.management.compiler" value="HotSpot 64-Bit Tiered Compilers"/>
    <property name="java.runtime.version" value="11.0.8+10"/>
    <property name="user.name" value="vbalasub"/>
    <property name="path.separator" value=":"/>
    <property name="os.version" value="5.7.9-200.fc32.x86_64"/>
    <property name="java.runtime.name" value="OpenJDK Runtime Environment"/>
    <property name="file.encoding" value="UTF-8"/>
    <property name="java.vm.name" value="OpenJDK 64-Bit Server VM"/>
    <property name="java.vendor.version" value="18.9"/>
    <property name="localRepository" value="/home/vbalasub/.m2/repository"/>
    <property name="java.vendor.url.bug" value="https://bugzilla.redhat.com/enter_bug.cgi?product=Fedora&amp;component=java-11-openjdk&amp;version=32"/>
    <property name="java.io.tmpdir" value="/home/vbalasub/DEV/jboss-eap-7.4.0.GA-quickstarts/spring-kitchensink-springmvctest/target"/>
    <property name="java.version" value="11.0.8"/>
    <property name="user.dir" value="/home/vbalasub/DEV/jboss-eap-7.4.0.GA-quickstarts/spring-kitchensink-springmvctest"/>
    <property name="os.arch" value="amd64"/>
    <property name="java.vm.specification.name" value="Java Virtual Machine Specification"/>
    <property name="java.awt.printerjob" value="sun.print.PSPrinterJob"/>
    <property name="sun.os.patch.level" value="unknown"/>
    <property name="java.library.path" value="/usr/java/packages/lib:/usr/lib64:/lib64:/lib:/usr/lib"/>
    <property name="java.vm.info" value="mixed mode, sharing"/>
    <property name="java.vendor" value="Red Hat, Inc."/>
    <property name="java.vm.version" value="11.0.8+10"/>
    <property name="sun.io.unicode.encoding" value="UnicodeLittle"/>
    <property name="java.class.version" value="55.0"/>
  </properties>
  <testcase name="getAccount" classname="org.jboss.as.quickstarts.kitchensink.spring.springmvctest.test.MemberMockMVCTest" time="0.237"/>
  <testcase name="getAccountClient" classname="org.jboss.as.quickstarts.kitchensink.spring.springmvctest.test.MemberMockMVCTest" time="0.077"/>
</testsuite>