<?xml version="1.0" encoding="UTF-8"?>
<testsuite xmlns:xsi="http://www.w3.org/2001/XMLSchema-instance" xsi:noNamespaceSchemaLocation="https://maven.apache.org/surefire/maven-surefire-plugin/xsd/surefire-test-report.xsd" name="org.jboss.as.quickstarts.wshelloworld.ClientTest" time="0.104" tests="3" errors="0" skipped="3" failures="0">
  <properties>
    <property name="awt.toolkit" value="sun.awt.X11.XToolkit"/>
    <property name="java.specification.version" value="11"/>
    <property name="sun.cpu.isalist" value=""/>
    <property name="sun.jnu.encoding" value="UTF-8"/>
    <property name="java.class.path" value="/home/vbalasub/DEV/jboss-eap-7.4.0.GA-quickstarts/helloworld-ws/target/test-classes:/home/vbalasub/DEV/jboss-eap-7.4.0.GA-quickstarts/helloworld-ws/target/classes:/home/vbalasub/.m2/repository/jakarta/enterprise/jakarta.enterprise.cdi-api/2.0.2.redhat-00002/jakarta.enterprise.cdi-api-2.0.2.redhat-00002.jar:/home/vbalasub/.m2/repository/jakarta/inject/jakarta.inject-api/1.0.3.redhat-00001/jakarta.inject-api-1.0.3.redhat-00001.jar:/home/vbalasub/.m2/repository/junit/junit/4.13.1/junit-4.13.1.jar:/home/vbalasub/.m2/repository/org/hamcrest/hamcrest-core/1.3/hamcrest-core-1.3.jar:/home/vbalasub/.m2/repository/org/jboss/arquillian/junit/arquillian-junit-container/1.6.0.Final/arquillian-junit-container-1.6.0.Final.jar:/home/vbalasub/.m2/repository/org/jboss/arquillian/junit/arquillian-junit-core/1.6.0.Final/arquillian-junit-core-1.6.0.Final.jar:/home/vbalasub/.m2/repository/org/jboss/arquillian/test/arquillian-test-api/1.6.0.Final/arquillian-test-api-1.6.0.Final.jar:/home/vbalasub/.m2/repository/org/jboss/arquillian/core/arquillian-core-api/1.6.0.Final/arquillian-core-api-1.6.0.Final.jar:/home/vbalasub/.m2/repository/org/jboss/arquillian/test/arquillian-test-spi/1.6.0.Final/arquillian-test-spi-1.6.0.Final.jar:/home/vbalasub/.m2/repository/org/jboss/arquillian/core/arquillian-core-spi/1.6.0.Final/arquillian-core-spi-1.6.0.Final.jar:/home/vbalasub/.m2/repository/org/jboss/arquillian/container/arquillian-container-test-api/1.6.0.Final/arquillian-container-test-api-1.6.0.Final.jar:/home/vbalasub/.m2/repository/org/jboss/shrinkwrap/shrinkwrap-api/1.2.6/shrinkwrap-api-1.2.6.jar:/home/vbalasub/.m2/repository/org/jboss/shrinkwrap/descriptors/shrinkwrap-descriptors-api-base/2.0.0/shrinkwrap-descriptors-api-base-2.0.0.jar:/home/vbalasub/.m2/repository/org/jboss/arquillian/container/arquillian-container-test-spi/1.6.0.Final/arquillian-container-test-spi-1.6.0.Final.jar:/home/vbalasub/.m2/repository/org/jboss/arquillian/container/arquillian-container-spi/1.6.0.Final/arquillian-container-spi-1.6.0.Final.jar:/home/vbalasub/.m2/repository/org/jboss/arquillian/core/arquillian-core-impl-base/1.6.0.Final/arquillian-core-impl-base-1.6.0.Final.jar:/home/vbalasub/.m2/repository/org/jboss/arquillian/test/arquillian-test-impl-base/1.6.0.Final/arquillian-test-impl-base-1.6.0.Final.jar:/home/vbalasub/.m2/repository/org/jboss/arquillian/container/arquillian-container-impl-base/1.6.0.Final/arquillian-container-impl-base-1.6.0.Final.jar:/home/vbalasub/.m2/repository/org/jboss/arquillian/config/arquillian-config-api/1.6.0.Final/arquillian-config-api-1.6.0.Final.jar:/home/vbalasub/.m2/repository/org/jboss/arquillian/config/arquillian-config-impl-base/1.6.0.Final/arquillian-config-impl-base-1.6.0.Final.jar:/home/vbalasub/.m2/repository/org/jboss/arquillian/config/arquillian-config-spi/1.6.0.Final/arquillian-config-spi-1.6.0.Final.jar:/home/vbalasub/.m2/repository/org/jboss/shrinkwrap/descriptors/shrinkwrap-descriptors-spi/2.0.0/shrinkwrap-descriptors-spi-2.0.0.jar:/home/vbalasub/.m2/repository/org/jboss/arquillian/container/arquillian-container-test-impl-base/1.6.0.Final/arquillian-container-test-impl-base-1.6.0.Final.jar:/home/vbalasub/.m2/repository/org/jboss/shrinkwrap/shrinkwrap-impl-base/1.2.6/shrinkwrap-impl-base-1.2.6.jar:/home/vbalasub/.m2/repository/org/jboss/shrinkwrap/shrinkwrap-spi/1.2.6/shrinkwrap-spi-1.2.6.jar:/home/vbalasub/.m2/repository/org/jboss/spec/javax/annotation/jboss-annotations-api_1.3_spec/2.0.1.Final-redhat-00001/jboss-annotations-api_1.3_spec-2.0.1.Final-redhat-00001.jar:/home/vbalasub/.m2/repository/org/jboss/spec/javax/servlet/jboss-servlet-api_4.0_spec/2.0.0.Final-redhat-00001/jboss-servlet-api_4.0_spec-2.0.0.Final-redhat-00001.jar:/home/vbalasub/.m2/repository/javax/jws/jsr181-api/1.0.0.MR1-redhat-8/jsr181-api-1.0.0.MR1-redhat-8.jar:/home/vbalasub/.m2/repository/org/jboss/spec/javax/xml/ws/jboss-jaxws-api_2.3_spec/2.0.0.Final-redhat-00001/jboss-jaxws-api_2.3_spec-2.0.0.Final-redhat-00001.jar:"/>
    <property name="java.vm.vendor" value="Red Hat, Inc."/>
    <property name="sun.arch.data.model" value="64"/>
    <property name="java.vendor.url" value="https://www.redhat.com/"/>
    <property name="user.timezone" value=""/>
    <property name="java.vm.specification.version" value="11"/>
    <property name="os.name" value="Linux"/>
    <property name="sun.java.launcher" value="SUN_STANDARD"/>
    <property name="user.country" value="US"/>
    <property name="sun.boot.library.path" value="/usr/lib/jvm/java-11-openjdk-11.0.8.10-2.fc32.x86_64/lib"/>
    <property name="sun.java.command" value="/home/vbalasub/DEV/jboss-eap-7.4.0.GA-quickstarts/helloworld-ws/target/surefire/surefirebooter2267296755254523479.jar /home/vbalasub/DEV/jboss-eap-7.4.0.GA-quickstarts/helloworld-ws/target/surefire 2022-07-01T15-34-26_349-jvmRun1 surefire11894561427673525953tmp surefire_112613042979704557024tmp"/>
    <property name="jdk.debug" value="release"/>
    <property name="surefire.test.class.path" value="/home/vbalasub/DEV/jboss-eap-7.4.0.GA-quickstarts/helloworld-ws/target/test-classes:/home/vbalasub/DEV/jboss-eap-7.4.0.GA-quickstarts/helloworld-ws/target/classes:/home/vbalasub/.m2/repository/jakarta/enterprise/jakarta.enterprise.cdi-api/2.0.2.redhat-00002/jakarta.enterprise.cdi-api-2.0.2.redhat-00002.jar:/home/vbalasub/.m2/repository/jakarta/inject/jakarta.inject-api/1.0.3.redhat-00001/jakarta.inject-api-1.0.3.redhat-00001.jar:/home/vbalasub/.m2/repository/junit/junit/4.13.1/junit-4.13.1.jar:/home/vbalasub/.m2/repository/org/hamcrest/hamcrest-core/1.3/hamcrest-core-1.3.jar:/home/vbalasub/.m2/repository/org/jboss/arquillian/junit/arquillian-junit-container/1.6.0.Final/arquillian-junit-container-1.6.0.Final.jar:/home/vbalasub/.m2/repository/org/jboss/arquillian/junit/arquillian-junit-core/1.6.0.Final/arquillian-junit-core-1.6.0.Final.jar:/home/vbalasub/.m2/repository/org/jboss/arquillian/test/arquillian-test-api/1.6.0.Final/arquillian-test-api-1.6.0.Final.jar:/home/vbalasub/.m2/repository/org/jboss/arquillian/core/arquillian-core-api/1.6.0.Final/arquillian-core-api-1.6.0.Final.jar:/home/vbalasub/.m2/repository/org/jboss/arquillian/test/arquillian-test-spi/1.6.0.Final/arquillian-test-spi-1.6.0.Final.jar:/home/vbalasub/.m2/repository/org/jboss/arquillian/core/arquillian-core-spi/1.6.0.Final/arquillian-core-spi-1.6.0.Final.jar:/home/vbalasub/.m2/repository/org/jboss/arquillian/container/arquillian-container-test-api/1.6.0.Final/arquillian-container-test-api-1.6.0.Final.jar:/home/vbalasub/.m2/repository/org/jboss/shrinkwrap/shrinkwrap-api/1.2.6/shrinkwrap-api-1.2.6.jar:/home/vbalasub/.m2/repository/org/jboss/shrinkwrap/descriptors/shrinkwrap-descriptors-api-base/2.0.0/shrinkwrap-descriptors-api-base-2.0.0.jar:/home/vbalasub/.m2/repository/org/jboss/arquillian/container/arquillian-container-test-spi/1.6.0.Final/arquillian-container-test-spi-1.6.0.Final.jar:/home/vbalasub/.m2/repository/org/jboss/arquillian/container/arquillian-container-spi/1.6.0.Final/arquillian-container-spi-1.6.0.Final.jar:/home/vbalasub/.m2/repository/org/jboss/arquillian/core/arquillian-core-impl-base/1.6.0.Final/arquillian-core-impl-base-1.6.0.Final.jar:/home/vbalasub/.m2/repository/org/jboss/arquillian/test/arquillian-test-impl-base/1.6.0.Final/arquillian-test-impl-base-1.6.0.Final.jar:/home/vbalasub/.m2/repository/org/jboss/arquillian/container/arquillian-container-impl-base/1.6.0.Final/arquillian-container-impl-base-1.6.0.Final.jar:/home/vbalasub/.m2/repository/org/jboss/arquillian/config/arquillian-config-api/1.6.0.Final/arquillian-config-api-1.6.0.Final.jar:/home/vbalasub/.m2/repository/org/jboss/arquillian/config/arquillian-config-impl-base/1.6.0.Final/arquillian-config-impl-base-1.6.0.Final.jar:/home/vbalasub/.m2/repository/org/jboss/arquillian/config/arquillian-config-spi/1.6.0.Final/arquillian-config-spi-1.6.0.Final.jar:/home/vbalasub/.m2/repository/org/jboss/shrinkwrap/descriptors/shrinkwrap-descriptors-spi/2.0.0/shrinkwrap-descriptors-spi-2.0.0.jar:/home/vbalasub/.m2/repository/org/jboss/arquillian/container/arquillian-container-test-impl-base/1.6.0.Final/arquillian-container-test-impl-base-1.6.0.Final.jar:/home/vbalasub/.m2/repository/org/jboss/shrinkwrap/shrinkwrap-impl-base/1.2.6/shrinkwrap-impl-base-1.2.6.jar:/home/vbalasub/.m2/repository/org/jboss/shrinkwrap/shrinkwrap-spi/1.2.6/shrinkwrap-spi-1.2.6.jar:/home/vbalasub/.m2/repository/org/jboss/spec/javax/annotation/jboss-annotations-api_1.3_spec/2.0.1.Final-redhat-00001/jboss-annotations-api_1.3_spec-2.0.1.Final-redhat-00001.jar:/home/vbalasub/.m2/repository/org/jboss/spec/javax/servlet/jboss-servlet-api_4.0_spec/2.0.0.Final-redhat-00001/jboss-servlet-api_4.0_spec-2.0.0.Final-redhat-00001.jar:/home/vbalasub/.m2/repository/javax/jws/jsr181-api/1.0.0.MR1-redhat-8/jsr181-api-1.0.0.MR1-redhat-8.jar:/home/vbalasub/.m2/repository/org/jboss/spec/javax/xml/ws/jboss-jaxws-api_2.3_spec/2.0.0.Final-redhat-00001/jboss-jaxws-api_2.3_spec-2.0.0.Final-redhat-00001.jar:"/>
    <property name="sun.cpu.endian" value="little"/>
    <property name="user.home" value="/home/vbalasub"/>
    <property name="user.language" value="en"/>
    <property name="java.specification.vendor" value="Oracle Corporation"/>
    <property name="java.version.date" value="2020-07-14"/>
    <property name="java.home" value="/usr/lib/jvm/java-11-openjdk-11.0.8.10-2.fc32.x86_64"/>
    <property name="file.separator" value="/"/>
    <property name="basedir" value="/home/vbalasub/DEV/jboss-eap-7.4.0.GA-quickstarts/helloworld-ws"/>
    <property name="java.vm.compressedOopsMode" value="Zero based"/>
    <property name="line.separator" value="&#10;"/>
    <property name="java.specification.name" value="Java Platform API Specification"/>
    <property name="java.vm.specification.vendor" value="Oracle Corporation"/>
    <property name="java.awt.graphicsenv" value="sun.awt.X11GraphicsEnvironment"/>
    <property name="surefire.real.class.path" value="/home/vbalasub/DEV/jboss-eap-7.4.0.GA-quickstarts/helloworld-ws/target/surefire/surefirebooter2267296755254523479.jar"/>
    <property name="sun.management.compiler" value="HotSpot 64-Bit Tiered Compilers"/>
    <property name="java.runtime.version" value="11.0.8+10"/>
    <property name="user.name" value="vbalasub"/>
    <property name="path.separator" value=":"/>
    <property name="os.version" value="5.7.9-200.fc32.x86_64"/>
    <property name="java.runtime.name" value="OpenJDK Runtime Environment"/>
    <property name="file.encoding" value="UTF-8"/>
    <property name="java.vm.name" value="OpenJDK 64-Bit Server VM"/>
    <property name="java.vendor.version" value="18.9"/>
    <property name="localRepository" value="/home/vbalasub/.m2/repository"/>
    <property name="java.vendor.url.bug" value="https://bugzilla.redhat.com/enter_bug.cgi?product=Fedora&amp;component=java-11-openjdk&amp;version=32"/>
    <property name="java.io.tmpdir" value="/home/vbalasub/DEV/jboss-eap-7.4.0.GA-quickstarts/helloworld-ws/target"/>
    <property name="java.version" value="11.0.8"/>
    <property name="user.dir" value="/home/vbalasub/DEV/jboss-eap-7.4.0.GA-quickstarts/helloworld-ws"/>
    <property name="os.arch" value="amd64"/>
    <property name="java.vm.specification.name" value="Java Virtual Machine Specification"/>
    <property name="java.awt.printerjob" value="sun.print.PSPrinterJob"/>
    <property name="sun.os.patch.level" value="unknown"/>
    <property name="java.library.path" value="/usr/java/packages/lib:/usr/lib64:/lib64:/lib:/usr/lib"/>
    <property name="java.vm.info" value="mixed mode, sharing"/>
    <property name="java.vendor" value="Red Hat, Inc."/>
    <property name="java.vm.version" value="11.0.8+10"/>
    <property name="sun.io.unicode.encoding" value="UnicodeLittle"/>
    <property name="java.class.version" value="55.0"/>
  </properties>
  <testcase name="testHello" classname="org.jboss.as.quickstarts.wshelloworld.ClientTest" time="0">
    <skipped message="got: &lt;true&gt;, expected: is &lt;false&gt;"/>
    <system-out><![CDATA[WSDL Deployment URL: http://localhost:8080/helloworld-ws/HelloWorldService?wsdl
]]></system-out>
  </testcase>
  <testcase name="testHelloName" classname="org.jboss.as.quickstarts.wshelloworld.ClientTest" time="0">
    <skipped message="got: &lt;true&gt;, expected: is &lt;false&gt;"/>
  </testcase>
  <testcase name="testHelloNames" classname="org.jboss.as.quickstarts.wshelloworld.ClientTest" time="0">
    <skipped message="got: &lt;true&gt;, expected: is &lt;false&gt;"/>
  </testcase>
</testsuite>